[debug] [2025-11-29T05:04:59.917Z] ----------------------------------------------------------------------
[debug] [2025-11-29T05:04:59.923Z] Command:       /nix/store/ws50yvm6vzlzf7jzz6n7xh4szddrack1-nodejs-20.19.1/bin/node /nix/store/12bms99s479knhxggq0wrjfch7rhy26s-firebase-tools-14.24.1/lib/node_modules/firebase-tools/lib/bin/firebase.js deploy --only hosting
[debug] [2025-11-29T05:04:59.924Z] CLI Version:   14.24.1
[debug] [2025-11-29T05:04:59.925Z] Platform:      linux
[debug] [2025-11-29T05:04:59.925Z] Node Version:  v20.19.1
[debug] [2025-11-29T05:04:59.925Z] Time:          Sat Nov 29 2025 05:04:59 GMT+0000 (Coordinated Universal Time)
[debug] [2025-11-29T05:04:59.926Z] ----------------------------------------------------------------------
[debug] 
[debug] [2025-11-29T05:05:00.970Z] No OAuth tokens found
[debug] [2025-11-29T05:05:00.971Z] No OAuth tokens found
[error] Failed to fetch Firebase Project from current Studio Workspace: Unable to refresh auth: not yet authenticated.
[debug] [2025-11-29T05:05:00.982Z] > command requires scopes: ["email","openid","https://www.googleapis.com/auth/cloudplatformprojects.readonly","https://www.googleapis.com/auth/firebase","https://www.googleapis.com/auth/cloud-platform","https://www.googleapis.com/auth/userinfo.email"]
[debug] [2025-11-29T05:05:00.983Z] > authorizing via signed-in user (gohilsammy@gmail.com)
[debug] [2025-11-29T05:05:00.983Z] [iam] checking project ameeshree-jewels for permissions ["firebase.projects.get","firebasehosting.sites.update"]
[debug] [2025-11-29T05:05:00.986Z] No OAuth tokens found
[debug] [2025-11-29T05:05:00.986Z] No OAuth tokens found
[debug] [2025-11-29T05:05:00.986Z] > command requires scopes: ["email","openid","https://www.googleapis.com/auth/cloudplatformprojects.readonly","https://www.googleapis.com/auth/firebase","https://www.googleapis.com/auth/cloud-platform","https://www.googleapis.com/auth/userinfo.email"]
[debug] [2025-11-29T05:05:00.988Z] > authorizing via signed-in user (gohilsammy@gmail.com)
[debug] [2025-11-29T05:05:00.991Z] >>> [apiv2][query] POST https://cloudresourcemanager.googleapis.com/v1/projects/ameeshree-jewels:testIamPermissions [none]
[debug] [2025-11-29T05:05:00.991Z] >>> [apiv2][(partial)header] POST https://cloudresourcemanager.googleapis.com/v1/projects/ameeshree-jewels:testIamPermissions x-goog-quota-user=projects/ameeshree-jewels
[debug] [2025-11-29T05:05:00.992Z] >>> [apiv2][body] POST https://cloudresourcemanager.googleapis.com/v1/projects/ameeshree-jewels:testIamPermissions {"permissions":["firebase.projects.get","firebasehosting.sites.update"]}
[debug] [2025-11-29T05:05:01.924Z] <<< [apiv2][status] POST https://cloudresourcemanager.googleapis.com/v1/projects/ameeshree-jewels:testIamPermissions 200
[debug] [2025-11-29T05:05:01.925Z] <<< [apiv2][body] POST https://cloudresourcemanager.googleapis.com/v1/projects/ameeshree-jewels:testIamPermissions {"permissions":["firebase.projects.get","firebasehosting.sites.update"]}
[debug] [2025-11-29T05:05:01.930Z] No OAuth tokens found
[debug] [2025-11-29T05:05:01.931Z] No OAuth tokens found
[debug] [2025-11-29T05:05:01.931Z] > command requires scopes: ["email","openid","https://www.googleapis.com/auth/cloudplatformprojects.readonly","https://www.googleapis.com/auth/firebase","https://www.googleapis.com/auth/cloud-platform","https://www.googleapis.com/auth/userinfo.email"]
[debug] [2025-11-29T05:05:01.931Z] > authorizing via signed-in user (gohilsammy@gmail.com)
[debug] [2025-11-29T05:05:01.933Z] >>> [apiv2][query] GET https://firebase.googleapis.com/v1beta1/projects/ameeshree-jewels [none]
[debug] [2025-11-29T05:05:02.227Z] <<< [apiv2][status] GET https://firebase.googleapis.com/v1beta1/projects/ameeshree-jewels 200
[debug] [2025-11-29T05:05:02.228Z] <<< [apiv2][body] GET https://firebase.googleapis.com/v1beta1/projects/ameeshree-jewels {"projectId":"ameeshree-jewels","projectNumber":"674646236439","displayName":"AmeeShree Jewels","name":"projects/ameeshree-jewels","resources":{"hostingSite":"ameeshree-jewels"},"state":"ACTIVE","etag":"1_588ce42e-4b12-40e2-87e1-664e160a993b"}
[debug] [2025-11-29T05:05:09.676Z] No OAuth tokens found
[debug] [2025-11-29T05:05:09.676Z] No OAuth tokens found
[debug] [2025-11-29T05:05:09.677Z] > command requires scopes: ["email","openid","https://www.googleapis.com/auth/cloudplatformprojects.readonly","https://www.googleapis.com/auth/firebase","https://www.googleapis.com/auth/cloud-platform","https://www.googleapis.com/auth/userinfo.email"]
[debug] [2025-11-29T05:05:09.677Z] > authorizing via signed-in user (gohilsammy@gmail.com)
[debug] [2025-11-29T05:05:09.678Z] >>> [apiv2][query] GET https://firebasehosting.googleapis.com/v1beta1/projects/ameeshree-jewels/sites pageToken=&pageSize=10
[debug] [2025-11-29T05:05:10.162Z] <<< [apiv2][status] GET https://firebasehosting.googleapis.com/v1beta1/projects/ameeshree-jewels/sites 200
[debug] [2025-11-29T05:05:10.165Z] <<< [apiv2][body] GET https://firebasehosting.googleapis.com/v1beta1/projects/ameeshree-jewels/sites {"sites":[{"name":"projects/ameeshree-jewels/sites/ameeshree-jewels","defaultUrl":"https://ameeshree-jewels.web.app","type":"DEFAULT_SITE"}]}
[debug] [2025-11-29T05:05:10.171Z] No OAuth tokens found
[debug] [2025-11-29T05:05:10.171Z] No OAuth tokens found
[debug] [2025-11-29T05:05:10.171Z] > command requires scopes: ["email","openid","https://www.googleapis.com/auth/cloudplatformprojects.readonly","https://www.googleapis.com/auth/firebase","https://www.googleapis.com/auth/cloud-platform","https://www.googleapis.com/auth/userinfo.email"]
[debug] [2025-11-29T05:05:10.171Z] > authorizing via signed-in user (gohilsammy@gmail.com)
[debug] [2025-11-29T05:05:10.178Z] >>> [apiv2][query] GET https://firebasehosting.googleapis.com/v1beta1/projects/ameeshree-jewels/sites 
[debug] [2025-11-29T05:05:10.610Z] <<< [apiv2][status] GET https://firebasehosting.googleapis.com/v1beta1/projects/ameeshree-jewels/sites 200
[debug] [2025-11-29T05:05:10.613Z] <<< [apiv2][body] GET https://firebasehosting.googleapis.com/v1beta1/projects/ameeshree-jewels/sites {"sites":[{"name":"projects/ameeshree-jewels/sites/ameeshree-jewels","defaultUrl":"https://ameeshree-jewels.web.app","type":"DEFAULT_SITE"}]}
[debug] [2025-11-29T05:05:10.621Z] No OAuth tokens found
[debug] [2025-11-29T05:05:10.621Z] No OAuth tokens found
[debug] [2025-11-29T05:05:10.621Z] > command requires scopes: ["email","openid","https://www.googleapis.com/auth/cloudplatformprojects.readonly","https://www.googleapis.com/auth/firebase","https://www.googleapis.com/auth/cloud-platform","https://www.googleapis.com/auth/userinfo.email"]
[debug] [2025-11-29T05:05:10.622Z] > authorizing via signed-in user (gohilsammy@gmail.com)
[debug] [2025-11-29T05:05:10.624Z] >>> [apiv2][query] GET https://firebase.googleapis.com/v1beta1/projects/ameeshree-jewels/webApps/-/config [none]
[debug] [2025-11-29T05:05:11.303Z] <<< [apiv2][status] GET https://firebase.googleapis.com/v1beta1/projects/ameeshree-jewels/webApps/-/config 200
[debug] [2025-11-29T05:05:11.304Z] <<< [apiv2][body] GET https://firebase.googleapis.com/v1beta1/projects/ameeshree-jewels/webApps/-/config {"projectId":"ameeshree-jewels","appId":"1:674646236439:web:a5860a9e1076e5d4b5eb52","storageBucket":"ameeshree-jewels.firebasestorage.app","apiKey":"AIzaSyCzJoDcdkS-8AURwI1FM3FXY07GRV_sgeQ","authDomain":"ameeshree-jewels.firebaseapp.com","messagingSenderId":"674646236439","projectNumber":"674646236439","version":"2"}
[info] 
   Thank you for trying our early preview of Next.js support on Firebase Hosting.
   During the preview, support is best-effort and breaking changes can be expected. Proceed with caution.
   The integration is known to work with Next.js version 12 - 15.0. You may encounter errors.

   Documentation: https://firebase.google.com/docs/hosting/frameworks/nextjs
   File a bug: https://github.com/firebase/firebase-tools/issues/new?template=bug_report.md
   Submit a feature request: https://github.com/firebase/firebase-tools/issues/new?template=feature_request.md

   We'd love to learn from you. Express your interest in helping us shape the future of Firebase Hosting: https://goo.gle/41enW5X

[debug] [2025-11-29T05:05:24.295Z] No OAuth tokens found
[debug] [2025-11-29T05:05:24.297Z] No OAuth tokens found
[debug] [2025-11-29T05:05:24.303Z] > command requires scopes: ["email","openid","https://www.googleapis.com/auth/cloudplatformprojects.readonly","https://www.googleapis.com/auth/firebase","https://www.googleapis.com/auth/cloud-platform","https://www.googleapis.com/auth/userinfo.email"]
[debug] [2025-11-29T05:05:24.304Z] > authorizing via signed-in user (gohilsammy@gmail.com)
[debug] [2025-11-29T05:05:24.304Z] >>> [apiv2][query] GET https://firebasehosting.googleapis.com/v1beta1/projects/ameeshree-jewels/sites/ameeshree-jewels [none]
[debug] [2025-11-29T05:05:24.639Z] <<< [apiv2][status] GET https://firebasehosting.googleapis.com/v1beta1/projects/ameeshree-jewels/sites/ameeshree-jewels 200
[debug] [2025-11-29T05:05:24.644Z] <<< [apiv2][body] GET https://firebasehosting.googleapis.com/v1beta1/projects/ameeshree-jewels/sites/ameeshree-jewels {"name":"projects/ameeshree-jewels/sites/ameeshree-jewels","defaultUrl":"https://ameeshree-jewels.web.app","type":"DEFAULT_SITE"}
[info]    ▲ Next.js 15.2.3
   - Environments: .env


[info]    Creating an optimized production build ...

[info]  ✓ Compiled successfully

[info]    Skipping validation of types

[info]    Skipping linting

[info]    Collecting page data ...

[info]    Generating static pages (0/12) ...

[info]    Generating static pages (3/12) 
   Generating static pages (6/12) 

[info]    Generating static pages (9/12) 

[info]  ✓ Generating static pages (12/12)

[info]    Finalizing page optimization ...

[info]    Collecting build traces ...

[info] 

[info] Route (app)                                 Size  First Load JS
┌ ○ /                                    18.7 kB         136 kB
├ ○ /_not-found                            978 B         102 kB
├ ○ /about                                 497 B         115 kB
├ ○ /bangles                             4.15 kB         118 kB
├ ○ /bridal-collection                   5.38 kB         130 kB
├ ○ /contact                              2.9 kB         121 kB
├ ○ /earrings                            4.53 kB         119 kB
├ ○ /necklaces                           4.28 kB         119 kB
└ ○ /rings                               4.38 kB         119 kB
+ First Load JS shared by all             101 kB
  ├ chunks/4bd1b696-4b0f7518a463c96c.js  53.2 kB
  ├ chunks/684-3498dca2a4537d9a.js       45.4 kB
  └ other shared chunks (total)          1.91 kB


[info] 
○  (Static)  prerendered as static content


[info] Building a Cloud Function to run this application. This is needed due to:
[info]  • Image Optimization
[info] 
[debug] [2025-11-29T05:06:35.317Z] No OAuth tokens found
[debug] [2025-11-29T05:06:35.320Z] No OAuth tokens found
[debug] [2025-11-29T05:06:35.321Z] > command requires scopes: ["email","openid","https://www.googleapis.com/auth/cloudplatformprojects.readonly","https://www.googleapis.com/auth/firebase","https://www.googleapis.com/auth/cloud-platform","https://www.googleapis.com/auth/userinfo.email"]
[debug] [2025-11-29T05:06:35.323Z] > authorizing via signed-in user (gohilsammy@gmail.com)
[debug] [2025-11-29T05:06:35.324Z] >>> [apiv2][query] GET https://firebasehosting.googleapis.com/v1beta1/projects/ameeshree-jewels/sites/ameeshree-jewels [none]
[debug] [2025-11-29T05:06:35.707Z] <<< [apiv2][status] GET https://firebasehosting.googleapis.com/v1beta1/projects/ameeshree-jewels/sites/ameeshree-jewels 200
[debug] [2025-11-29T05:06:35.707Z] <<< [apiv2][body] GET https://firebasehosting.googleapis.com/v1beta1/projects/ameeshree-jewels/sites/ameeshree-jewels {"name":"projects/ameeshree-jewels/sites/ameeshree-jewels","defaultUrl":"https://ameeshree-jewels.web.app","type":"DEFAULT_SITE"}
[debug] [2025-11-29T05:08:00.783Z] Error: Command failed: npm i --omit dev --no-audit
    at genericNodeError (node:internal/errors:984:15)
    at wrappedFn (node:internal/errors:538:14)
    at checkExecSyncError (node:child_process:891:11)
    at execSync (node:child_process:963:15)
    at prepareFrameworks 